2013-07-09 13:39:20: Test message
2013-07-09 13:40:28: Test message
2013-07-09 13:40:37: Test message
2013-07-09 13:40:54: Test message
2013-07-09 13:41:17: Test message
2013-07-09 13:41:37: Test message
2013-07-09 13:42:00: Test message
2013-07-09 13:42:04: Test message
2013-07-09 13:43:34: Test message
2013-07-09 13:43:49: Test message
2013-07-09 13:45:41: Test message
2013-07-09 13:45:58: Test message
2013-07-09 13:46:01: Test message
2013-07-09 13:47:01: Debug message
2013-07-09 13:47:01: Info message
2013-07-09 13:47:01: Warning message
2013-07-09 13:47:01: Notice message
2013-07-09 13:47:01: Error message
2013-07-09 13:56:06: Constructing Tr8n\Rules\NumericRule...
2013-07-09 13:56:35: Constructing Tr8n\Rules\NumericRule...
2013-07-09 13:57:32: Constructing Tr8n\Rules\NumericRule...
2013-07-09 13:57:32: Constructing Tr8n\Rules\NumericRule...
2013-07-09 14:12:31: Constructing Tr8n\Rules\NumericRule...
2013-07-09 14:12:52: Constructing Tr8n\Rules\NumericRule...
2013-07-09 14:14:31: Constructing Tr8n\Rules\NumericRule...
2013-07-09 14:14:52: Constructing Tr8n\Rules\NumericRule...
2013-07-09 14:15:17: Constructing Tr8n\Rules\NumericRule...
2013-07-09 14:18:52: Constructing Tr8n\Rules\NumericRule...
2013-07-09 14:18:52: Constructing Tr8n\Rules\NumericRule...
2013-07-09 14:19:00: Constructing Tr8n\Rules\NumericRule...
2013-07-09 14:19:00: Constructing Tr8n\Rules\NumericRule...
2013-07-09 14:19:50: Constructing Tr8n\Rules\NumericRule...
2013-07-09 14:19:50: Constructing Tr8n\Rules\NumericRule...
2013-07-09 14:25:53: Constructing Tr8n\Rules\NumericRule...
2013-07-09 14:27:35: Constructing Tr8n\Rules\NumericRule...
2013-07-09 14:28:27: Constructing Tr8n\Rules\NumericRule...
2013-07-09 14:33:41: Constructing Tr8n\Rules\NumericRule...
2013-07-09 14:44:06: Constructing Tr8n\Rules\NumericRule...
2013-07-09 14:44:28: Constructing Tr8n\Rules\NumericRule...
2013-07-09 14:44:47: Constructing Tr8n\Rules\NumericRule...
2013-07-09 14:45:19: Constructing Tr8n\Rules\NumericRule...
2013-07-09 14:45:48: Constructing Tr8n\Rules\NumericRule...
2013-07-09 14:45:59: Constructing Tr8n\Rules\NumericRule...
2013-07-09 14:46:14: Constructing Tr8n\Rules\NumericRule...
2013-07-09 14:46:30: Constructing Tr8n\Rules\NumericRule...
2013-07-09 14:46:42: Constructing Tr8n\Rules\NumericRule...
2013-07-09 14:47:33: Constructing Tr8n\Rules\NumericRule...
2013-07-09 14:48:47: Constructing Tr8n\Rules\NumericRule...
2013-07-09 14:49:20: Constructing Tr8n\Rules\NumericRule...
2013-07-09 14:49:50: Constructing Tr8n\Rules\NumericRule...
2013-07-09 14:50:19: Constructing Tr8n\Rules\NumericRule...
2013-07-09 14:51:03: Constructing Tr8n\Rules\NumericRule...
2013-07-09 15:41:24: Constructing Tr8n\Rules\NumericRule...
2013-07-09 15:44:11: Constructing Tr8n\Rules\NumericRule...
2013-07-09 15:45:21: Constructing Tr8n\Rules\NumericRule...
2013-07-09 15:45:21: Constructing Tr8n\Rules\NumericRule...
2013-07-09 15:45:21: Constructing Tr8n\Rules\NumericRule...
2013-07-09 15:45:21: Constructing Tr8n\Rules\NumericRule...
2013-07-09 15:45:23: Constructing Tr8n\Rules\NumericRule...
2013-07-09 15:45:23: Constructing Tr8n\Rules\NumericRule...
2013-07-09 15:45:23: Constructing Tr8n\Rules\NumericRule...
2013-07-09 15:45:23: Constructing Tr8n\Rules\NumericRule...
2013-07-09 15:46:49: Constructing Tr8n\Rules\NumericRule...
2013-07-09 15:46:49: Constructing Tr8n\Rules\NumericRule...
2013-07-09 15:46:49: Constructing Tr8n\Rules\NumericRule...
2013-07-09 15:46:49: Constructing Tr8n\Rules\NumericRule...
2013-07-09 15:47:02: Constructing Tr8n\Rules\NumericRule...
2013-07-09 15:47:02: Constructing Tr8n\Rules\NumericRule...
2013-07-09 15:47:02: Constructing Tr8n\Rules\NumericRule...
2013-07-09 15:47:02: Constructing Tr8n\Rules\NumericRule...
2013-07-09 15:47:05: Constructing Tr8n\Rules\NumericRule...
2013-07-09 15:47:05: Constructing Tr8n\Rules\NumericRule...
2013-07-09 15:47:05: Constructing Tr8n\Rules\NumericRule...
2013-07-09 15:47:05: Constructing Tr8n\Rules\NumericRule...
2013-07-09 15:47:06: Constructing Tr8n\Rules\NumericRule...
2013-07-09 15:47:06: Constructing Tr8n\Rules\NumericRule...
2013-07-09 15:47:06: Constructing Tr8n\Rules\NumericRule...
2013-07-09 15:47:06: Constructing Tr8n\Rules\NumericRule...
2013-07-09 15:47:33: Constructing Tr8n\Rules\NumericRule...
2013-07-09 15:47:33: Constructing Tr8n\Rules\NumericRule...
2013-07-09 15:47:33: Constructing Tr8n\Rules\NumericRule...
2013-07-09 15:47:33: Constructing Tr8n\Rules\NumericRule...
2013-07-09 15:48:07: Constructing Tr8n\Rules\NumericRule...
2013-07-09 15:48:07: Constructing Tr8n\Rules\NumericRule...
2013-07-09 15:48:07: Constructing Tr8n\Rules\NumericRule...
2013-07-09 15:48:07: Constructing Tr8n\Rules\NumericRule...
2013-07-09 15:49:37: Constructing Tr8n\Rules\NumericRule...
2013-07-09 15:49:37: Constructing Tr8n\Rules\NumericRule...
2013-07-09 15:49:37: Constructing Tr8n\Rules\NumericRule...
2013-07-09 15:49:37: Constructing Tr8n\Rules\NumericRule...
2013-07-09 15:50:17: Constructing Tr8n\Rules\NumericRule...
2013-07-09 15:50:17: Constructing Tr8n\Rules\NumericRule...
2013-07-09 15:50:17: Constructing Tr8n\Rules\NumericRule...
2013-07-09 15:50:17: Constructing Tr8n\Rules\NumericRule...
2013-07-09 15:50:17: Constructing Tr8n\Rules\NumericRule...
2013-07-09 15:50:29: Constructing Tr8n\Rules\NumericRule...
2013-07-09 15:50:29: Constructing Tr8n\Rules\NumericRule...
2013-07-09 15:50:29: Constructing Tr8n\Rules\NumericRule...
2013-07-09 15:50:29: Constructing Tr8n\Rules\NumericRule...
2013-07-09 15:50:29: Constructing Tr8n\Rules\NumericRule...
2013-07-09 15:50:35: Constructing Tr8n\Rules\NumericRule...
2013-07-09 15:50:35: Constructing Tr8n\Rules\NumericRule...
2013-07-09 15:50:35: Constructing Tr8n\Rules\NumericRule...
2013-07-09 15:50:35: Constructing Tr8n\Rules\NumericRule...
2013-07-09 15:50:35: Constructing Tr8n\Rules\NumericRule...
2013-07-09 15:50:45: Constructing Tr8n\Rules\NumericRule...
2013-07-09 15:50:45: Constructing Tr8n\Rules\NumericRule...
2013-07-09 15:50:45: Constructing Tr8n\Rules\NumericRule...
2013-07-09 15:50:45: Constructing Tr8n\Rules\NumericRule...
2013-07-09 15:50:45: Constructing Tr8n\Rules\NumericRule...
2013-07-09 15:51:15: Constructing Tr8n\Rules\NumericRule...
2013-07-09 15:51:15: Constructing Tr8n\Rules\NumericRule...
2013-07-09 15:51:15: Constructing Tr8n\Rules\NumericRule...
2013-07-09 15:51:15: Constructing Tr8n\Rules\NumericRule...
2013-07-09 15:51:15: Constructing Tr8n\Rules\NumericRule...
2013-07-09 15:51:15: Constructing Tr8n\Rules\NumericRule...
2013-07-09 15:51:24: Constructing Tr8n\Rules\NumericRule...
2013-07-09 15:51:24: Constructing Tr8n\Rules\NumericRule...
2013-07-09 15:51:24: Constructing Tr8n\Rules\NumericRule...
2013-07-09 15:51:24: Constructing Tr8n\Rules\NumericRule...
2013-07-09 15:51:24: Constructing Tr8n\Rules\NumericRule...
2013-07-09 15:51:24: Constructing Tr8n\Rules\NumericRule...
2013-07-09 15:51:30: Constructing Tr8n\Rules\NumericRule...
2013-07-09 15:51:30: Constructing Tr8n\Rules\NumericRule...
2013-07-09 15:51:30: Constructing Tr8n\Rules\NumericRule...
2013-07-09 15:51:30: Constructing Tr8n\Rules\NumericRule...
2013-07-09 15:51:30: Constructing Tr8n\Rules\NumericRule...
2013-07-09 15:51:30: Constructing Tr8n\Rules\NumericRule...
2013-07-09 15:51:47: Constructing Tr8n\Rules\NumericRule...
2013-07-09 15:51:47: Constructing Tr8n\Rules\NumericRule...
2013-07-09 15:51:47: Constructing Tr8n\Rules\NumericRule...
2013-07-09 15:51:47: Constructing Tr8n\Rules\NumericRule...
2013-07-09 15:51:47: Constructing Tr8n\Rules\NumericRule...
2013-07-09 15:51:47: Constructing Tr8n\Rules\NumericRule...
2013-07-09 15:51:47: Constructing Tr8n\Rules\NumericRule...
2013-07-09 16:30:46: Constructing Tr8n\Rules\NumericRule...
2013-07-09 16:30:46: Constructing Tr8n\Rules\NumericRule...
2013-07-09 16:30:46: Constructing Tr8n\Rules\NumericRule...
2013-07-09 16:30:46: Constructing Tr8n\Rules\NumericRule...
2013-07-09 16:30:46: Constructing Tr8n\Rules\NumericRule...
2013-07-09 16:30:46: Constructing Tr8n\Rules\NumericRule...
2013-07-09 16:30:46: Constructing Tr8n\Rules\NumericRule...
2013-07-09 16:30:49: Constructing Tr8n\Rules\NumericRule...
2013-07-09 16:30:49: Constructing Tr8n\Rules\NumericRule...
2013-07-09 16:30:49: Constructing Tr8n\Rules\NumericRule...
2013-07-09 16:30:49: Constructing Tr8n\Rules\NumericRule...
2013-07-09 16:30:49: Constructing Tr8n\Rules\NumericRule...
2013-07-09 16:30:49: Constructing Tr8n\Rules\NumericRule...
2013-07-09 16:30:49: Constructing Tr8n\Rules\NumericRule...
2013-07-09 16:30:53: Constructing Tr8n\Rules\NumericRule...
2013-07-09 16:30:53: Constructing Tr8n\Rules\NumericRule...
2013-07-09 16:30:53: Constructing Tr8n\Rules\NumericRule...
2013-07-09 16:30:53: Constructing Tr8n\Rules\NumericRule...
2013-07-09 16:30:53: Constructing Tr8n\Rules\NumericRule...
2013-07-09 16:30:53: Constructing Tr8n\Rules\NumericRule...
2013-07-09 16:30:53: Constructing Tr8n\Rules\NumericRule...
2013-07-09 17:22:26: Constructing tr8n\Language...
2013-07-09 17:24:13: Constructing tr8n\Language...
2013-07-09 17:24:25: Constructing tr8n\Language...
2013-07-09 17:24:54: Constructing tr8n\Language...
2013-07-09 17:25:07: Constructing tr8n\Language...
2013-07-09 17:25:07: Constructing tr8n\rules\DateRule...
2013-07-09 17:25:07: Constructing tr8n\rules\DateRule...
2013-07-09 17:25:07: Constructing tr8n\rules\DateRule...
2013-07-09 17:25:07: Constructing tr8n\rules\GenderListRule...
2013-07-09 17:25:07: Constructing tr8n\rules\GenderRule...
2013-07-09 17:25:07: Constructing tr8n\rules\GenderRule...
2013-07-09 17:25:07: Constructing tr8n\rules\GenderRule...
2013-07-09 17:25:07: Constructing Tr8n\Rules\NumericRule...
2013-07-09 17:25:07: Constructing Tr8n\Rules\NumericRule...
2013-07-09 17:25:07: Constructing Tr8n\Rules\NumericRule...
2013-07-09 17:39:40: Constructing tr8n\Language...
2013-07-09 17:39:40: Constructing tr8n\rules\DateRule...
2013-07-09 17:39:40: Constructing tr8n\rules\DateRule...
2013-07-09 17:39:40: Constructing tr8n\rules\DateRule...
2013-07-09 17:39:40: Constructing tr8n\rules\GenderListRule...
2013-07-09 17:39:40: Constructing tr8n\rules\GenderRule...
2013-07-09 17:39:40: Constructing tr8n\rules\GenderRule...
2013-07-09 17:39:40: Constructing tr8n\rules\GenderRule...
2013-07-09 17:39:40: Constructing Tr8n\Rules\NumericRule...
2013-07-09 17:39:40: Constructing Tr8n\Rules\NumericRule...
2013-07-09 17:39:40: Constructing Tr8n\Rules\NumericRule...
2013-07-09 17:39:40: Constructing tr8n\rules\ValueRule...
2013-07-09 17:41:01: Constructing tr8n\Language...
2013-07-09 17:41:01: Constructing tr8n\rules\DateRule...
2013-07-09 17:41:01: Constructing tr8n\rules\DateRule...
2013-07-09 17:41:01: Constructing tr8n\rules\DateRule...
2013-07-09 17:41:01: Constructing tr8n\rules\GenderListRule...
2013-07-09 17:41:01: Constructing tr8n\rules\GenderRule...
2013-07-09 17:41:01: Constructing tr8n\rules\GenderRule...
2013-07-09 17:41:01: Constructing tr8n\rules\GenderRule...
2013-07-09 17:41:01: Constructing Tr8n\Rules\NumericRule...
2013-07-09 17:41:01: Constructing Tr8n\Rules\NumericRule...
2013-07-09 17:41:01: Constructing Tr8n\Rules\NumericRule...
2013-07-09 17:41:01: Constructing tr8n\rules\ValueRule...
2013-07-09 17:41:25: Constructing tr8n\Language...
2013-07-09 17:41:25: Constructing tr8n\rules\DateRule...
2013-07-09 17:41:25: Constructing tr8n\rules\DateRule...
2013-07-09 17:41:25: Constructing tr8n\rules\DateRule...
2013-07-09 17:41:25: Constructing tr8n\rules\GenderListRule...
2013-07-09 17:41:25: Constructing tr8n\rules\GenderRule...
2013-07-09 17:41:25: Constructing tr8n\rules\GenderRule...
2013-07-09 17:41:25: Constructing tr8n\rules\GenderRule...
2013-07-09 17:41:25: Constructing Tr8n\Rules\NumericRule...
2013-07-09 17:41:25: Constructing Tr8n\Rules\NumericRule...
2013-07-09 17:41:25: Constructing Tr8n\Rules\NumericRule...
2013-07-09 17:41:25: Constructing tr8n\rules\ValueRule...
2013-07-09 17:42:00: Constructing tr8n\Language...
2013-07-09 17:42:00: Constructing tr8n\rules\DateRule...
2013-07-09 17:42:00: Constructing tr8n\rules\DateRule...
2013-07-09 17:42:00: Constructing tr8n\rules\DateRule...
2013-07-09 17:42:00: Constructing tr8n\rules\GenderListRule...
2013-07-09 17:42:00: Constructing tr8n\rules\GenderRule...
2013-07-09 17:42:00: Constructing tr8n\rules\GenderRule...
2013-07-09 17:42:00: Constructing tr8n\rules\GenderRule...
2013-07-09 17:42:00: Constructing Tr8n\Rules\NumericRule...
2013-07-09 17:42:00: Constructing Tr8n\Rules\NumericRule...
2013-07-09 17:42:00: Constructing Tr8n\Rules\NumericRule...
2013-07-09 17:42:00: Constructing tr8n\rules\ValueRule...
2013-07-09 17:42:14: Constructing tr8n\Language...
2013-07-09 17:42:14: Constructing tr8n\rules\DateRule...
2013-07-09 17:42:14: Constructing tr8n\rules\DateRule...
2013-07-09 17:42:14: Constructing tr8n\rules\DateRule...
2013-07-09 17:42:14: Constructing tr8n\rules\GenderListRule...
2013-07-09 17:42:14: Constructing tr8n\rules\GenderRule...
2013-07-09 17:42:14: Constructing tr8n\rules\GenderRule...
2013-07-09 17:42:14: Constructing tr8n\rules\GenderRule...
2013-07-09 17:42:14: Constructing Tr8n\Rules\NumericRule...
2013-07-09 17:42:14: Constructing Tr8n\Rules\NumericRule...
2013-07-09 17:42:14: Constructing Tr8n\Rules\NumericRule...
2013-07-09 17:42:14: Constructing tr8n\rules\ValueRule...
2013-07-09 17:42:39: Constructing tr8n\Language...
2013-07-09 17:42:39: Constructing tr8n\rules\DateRule...
2013-07-09 17:42:39: Constructing tr8n\rules\DateRule...
2013-07-09 17:42:39: Constructing tr8n\rules\DateRule...
2013-07-09 17:42:39: Constructing tr8n\rules\GenderListRule...
2013-07-09 17:42:39: Constructing tr8n\rules\GenderRule...
2013-07-09 17:42:39: Constructing tr8n\rules\GenderRule...
2013-07-09 17:42:39: Constructing tr8n\rules\GenderRule...
2013-07-09 17:42:39: Constructing Tr8n\Rules\NumericRule...
2013-07-09 17:42:39: Constructing Tr8n\Rules\NumericRule...
2013-07-09 17:42:39: Constructing Tr8n\Rules\NumericRule...
2013-07-09 17:42:39: Constructing tr8n\rules\ValueRule...
2013-07-09 17:43:16: Constructing tr8n\Language...
2013-07-09 17:43:16: Constructing tr8n\rules\DateRule...
2013-07-09 17:43:16: Constructing tr8n\rules\DateRule...
2013-07-09 17:43:16: Constructing tr8n\rules\DateRule...
2013-07-09 17:43:16: Constructing tr8n\rules\GenderListRule...
2013-07-09 17:43:16: Constructing tr8n\rules\GenderRule...
2013-07-09 17:43:16: Constructing tr8n\rules\GenderRule...
2013-07-09 17:43:16: Constructing tr8n\rules\GenderRule...
2013-07-09 17:43:16: Constructing Tr8n\Rules\NumericRule...
2013-07-09 17:43:16: Constructing Tr8n\Rules\NumericRule...
2013-07-09 17:43:16: Constructing Tr8n\Rules\NumericRule...
2013-07-09 17:43:16: Constructing tr8n\rules\ValueRule...
2013-07-09 17:43:30: Constructing tr8n\Language...
2013-07-09 17:43:30: Constructing tr8n\rules\DateRule...
2013-07-09 17:43:30: Constructing tr8n\rules\DateRule...
2013-07-09 17:43:30: Constructing tr8n\rules\DateRule...
2013-07-09 17:43:30: Constructing tr8n\rules\GenderListRule...
2013-07-09 17:43:30: Constructing tr8n\rules\GenderRule...
2013-07-09 17:43:30: Constructing tr8n\rules\GenderRule...
2013-07-09 17:43:30: Constructing tr8n\rules\GenderRule...
2013-07-09 17:43:30: Constructing Tr8n\Rules\NumericRule...
2013-07-09 17:43:30: Constructing Tr8n\Rules\NumericRule...
2013-07-09 17:43:30: Constructing Tr8n\Rules\NumericRule...
2013-07-09 17:43:30: Constructing tr8n\rules\ValueRule...
2013-07-09 17:44:03: Constructing tr8n\Language...
2013-07-09 17:44:03: Constructing tr8n\rules\DateRule...
2013-07-09 17:44:03: Constructing tr8n\rules\DateRule...
2013-07-09 17:44:03: Constructing tr8n\rules\DateRule...
2013-07-09 17:44:03: Constructing tr8n\rules\GenderListRule...
2013-07-09 17:44:03: Constructing tr8n\rules\GenderRule...
2013-07-09 17:44:03: Constructing tr8n\rules\GenderRule...
2013-07-09 17:44:03: Constructing tr8n\rules\GenderRule...
2013-07-09 17:44:03: Constructing Tr8n\Rules\NumericRule...
2013-07-09 17:44:03: Constructing Tr8n\Rules\NumericRule...
2013-07-09 17:44:03: Constructing Tr8n\Rules\NumericRule...
2013-07-09 17:44:03: Constructing tr8n\rules\ValueRule...
2013-07-10 19:40:07: Constructing tr8n\Language...
2013-07-10 19:40:07: Constructing tr8n\rules\DateRule...
2013-07-10 19:40:07: Constructing tr8n\rules\DateRule...
2013-07-10 19:40:07: Constructing tr8n\rules\DateRule...
2013-07-10 19:40:07: Constructing tr8n\rules\GenderListRule...
2013-07-10 19:40:07: Constructing tr8n\rules\GenderRule...
2013-07-10 19:40:07: Constructing tr8n\rules\GenderRule...
2013-07-10 19:40:07: Constructing tr8n\rules\GenderRule...
2013-07-10 19:40:07: Constructing Tr8n\Rules\NumericRule...
2013-07-10 19:40:07: Constructing Tr8n\Rules\NumericRule...
2013-07-10 19:40:07: Constructing Tr8n\Rules\NumericRule...
2013-07-10 19:40:07: Constructing tr8n\rules\ValueRule...
2013-07-10 19:40:33: Constructing tr8n\Language...
2013-07-10 19:40:33: Constructing tr8n\rules\DateRule...
2013-07-10 19:40:33: Constructing tr8n\rules\DateRule...
2013-07-10 19:40:33: Constructing tr8n\rules\DateRule...
2013-07-10 19:40:33: Constructing tr8n\rules\GenderListRule...
2013-07-10 19:40:33: Constructing tr8n\rules\GenderRule...
2013-07-10 19:40:33: Constructing tr8n\rules\GenderRule...
2013-07-10 19:40:33: Constructing tr8n\rules\GenderRule...
2013-07-10 19:40:33: Constructing Tr8n\Rules\NumericRule...
2013-07-10 19:40:33: Constructing Tr8n\Rules\NumericRule...
2013-07-10 19:40:33: Constructing Tr8n\Rules\NumericRule...
2013-07-10 19:40:33: Constructing tr8n\rules\ValueRule...
2013-07-10 19:40:38: Constructing tr8n\Language...
2013-07-10 19:40:38: Constructing tr8n\rules\DateRule...
2013-07-10 19:40:38: Constructing tr8n\rules\DateRule...
2013-07-10 19:40:38: Constructing tr8n\rules\DateRule...
2013-07-10 19:40:38: Constructing tr8n\rules\GenderListRule...
2013-07-10 19:40:38: Constructing tr8n\rules\GenderRule...
2013-07-10 19:40:38: Constructing tr8n\rules\GenderRule...
2013-07-10 19:40:38: Constructing tr8n\rules\GenderRule...
2013-07-10 19:40:38: Constructing Tr8n\Rules\NumericRule...
2013-07-10 19:40:38: Constructing Tr8n\Rules\NumericRule...
2013-07-10 19:40:38: Constructing Tr8n\Rules\NumericRule...
2013-07-10 19:40:38: Constructing tr8n\rules\ValueRule...
2013-07-10 19:40:52: Constructing tr8n\Language...
2013-07-10 19:40:52: Constructing tr8n\rules\DateRule...
2013-07-10 19:40:52: Constructing tr8n\rules\DateRule...
2013-07-10 19:40:52: Constructing tr8n\rules\DateRule...
2013-07-10 19:40:52: Constructing tr8n\rules\GenderListRule...
2013-07-10 19:40:52: Constructing tr8n\rules\GenderRule...
2013-07-10 19:40:52: Constructing tr8n\rules\GenderRule...
2013-07-10 19:40:52: Constructing tr8n\rules\GenderRule...
2013-07-10 19:40:52: Constructing Tr8n\Rules\NumericRule...
2013-07-10 19:40:52: Constructing Tr8n\Rules\NumericRule...
2013-07-10 19:40:52: Constructing Tr8n\Rules\NumericRule...
2013-07-10 19:40:52: Constructing tr8n\rules\ValueRule...
2013-07-10 19:41:31: Constructing tr8n\Language...
2013-07-10 19:41:31: Constructing tr8n\rules\DateRule...
2013-07-10 19:41:31: Constructing tr8n\rules\DateRule...
2013-07-10 19:41:31: Constructing tr8n\rules\DateRule...
2013-07-10 19:41:31: Constructing tr8n\rules\GenderListRule...
2013-07-10 19:41:31: Constructing tr8n\rules\GenderRule...
2013-07-10 19:41:31: Constructing tr8n\rules\GenderRule...
2013-07-10 19:41:31: Constructing tr8n\rules\GenderRule...
2013-07-10 19:41:31: Constructing Tr8n\Rules\NumericRule...
2013-07-10 19:41:31: Constructing Tr8n\Rules\NumericRule...
2013-07-10 19:41:31: Constructing Tr8n\Rules\NumericRule...
2013-07-10 19:41:31: Constructing tr8n\rules\ValueRule...
2013-07-10 19:45:00: Constructing tr8n\Language...
2013-07-10 19:45:00: Constructing tr8n\rules\DateRule...
2013-07-10 19:45:00: Constructing tr8n\rules\DateRule...
2013-07-10 19:45:00: Constructing tr8n\rules\DateRule...
2013-07-10 19:45:00: Constructing tr8n\rules\GenderListRule...
2013-07-10 19:45:00: Constructing tr8n\rules\GenderRule...
2013-07-10 19:45:00: Constructing tr8n\rules\GenderRule...
2013-07-10 19:45:00: Constructing tr8n\rules\GenderRule...
2013-07-10 19:45:00: Constructing Tr8n\Rules\NumericRule...
2013-07-10 19:45:00: Constructing Tr8n\Rules\NumericRule...
2013-07-10 19:45:00: Constructing Tr8n\Rules\NumericRule...
2013-07-10 19:45:00: Constructing tr8n\rules\ValueRule...
2013-07-10 19:45:29: Constructing tr8n\Language...
2013-07-10 19:45:29: Constructing tr8n\rules\DateRule...
2013-07-10 19:45:29: Constructing tr8n\rules\DateRule...
2013-07-10 19:45:29: Constructing tr8n\rules\DateRule...
2013-07-10 19:45:29: Constructing tr8n\rules\GenderListRule...
2013-07-10 19:45:29: Constructing tr8n\rules\GenderRule...
2013-07-10 19:45:29: Constructing tr8n\rules\GenderRule...
2013-07-10 19:45:29: Constructing tr8n\rules\GenderRule...
2013-07-10 19:45:29: Constructing Tr8n\Rules\NumericRule...
2013-07-10 19:45:29: Constructing Tr8n\Rules\NumericRule...
2013-07-10 19:45:29: Constructing Tr8n\Rules\NumericRule...
2013-07-10 19:45:29: Constructing tr8n\rules\ValueRule...
2013-07-10 19:46:31: Constructing tr8n\Language...
2013-07-10 19:46:31: Constructing tr8n\rules\DateRule...
2013-07-10 19:46:31: Constructing tr8n\rules\DateRule...
2013-07-10 19:46:31: Constructing tr8n\rules\DateRule...
2013-07-10 19:46:31: Constructing tr8n\rules\GenderListRule...
2013-07-10 19:46:31: Constructing tr8n\rules\GenderRule...
2013-07-10 19:46:31: Constructing tr8n\rules\GenderRule...
2013-07-10 19:46:31: Constructing tr8n\rules\GenderRule...
2013-07-10 19:46:31: Constructing Tr8n\Rules\NumericRule...
2013-07-10 19:46:31: Constructing Tr8n\Rules\NumericRule...
2013-07-10 19:46:31: Constructing Tr8n\Rules\NumericRule...
2013-07-10 19:46:31: Constructing tr8n\rules\ValueRule...
2013-07-10 19:46:45: Constructing tr8n\Language...
2013-07-10 19:46:45: Constructing tr8n\rules\DateRule...
2013-07-10 19:46:45: Constructing tr8n\rules\DateRule...
2013-07-10 19:46:45: Constructing tr8n\rules\DateRule...
2013-07-10 19:46:45: Constructing tr8n\rules\GenderListRule...
2013-07-10 19:46:45: Constructing tr8n\rules\GenderRule...
2013-07-10 19:46:45: Constructing tr8n\rules\GenderRule...
2013-07-10 19:46:45: Constructing tr8n\rules\GenderRule...
2013-07-10 19:46:45: Constructing Tr8n\Rules\NumericRule...
2013-07-10 19:46:45: Constructing Tr8n\Rules\NumericRule...
2013-07-10 19:46:45: Constructing Tr8n\Rules\NumericRule...
2013-07-10 19:46:45: Constructing tr8n\rules\ValueRule...
2013-07-10 19:47:38: Constructing tr8n\Language...
2013-07-10 19:47:38: Constructing tr8n\rules\DateRule...
2013-07-10 19:47:38: Constructing tr8n\rules\DateRule...
2013-07-10 19:47:38: Constructing tr8n\rules\DateRule...
2013-07-10 19:47:38: Constructing tr8n\rules\GenderListRule...
2013-07-10 19:47:38: Constructing tr8n\rules\GenderRule...
2013-07-10 19:47:38: Constructing tr8n\rules\GenderRule...
2013-07-10 19:47:38: Constructing tr8n\rules\GenderRule...
2013-07-10 19:47:38: Constructing Tr8n\Rules\NumericRule...
2013-07-10 19:47:38: Constructing Tr8n\Rules\NumericRule...
2013-07-10 19:47:38: Constructing Tr8n\Rules\NumericRule...
2013-07-10 19:47:38: Constructing tr8n\rules\ValueRule...
2013-07-10 19:49:49: Constructing tr8n\Language...
2013-07-10 19:49:49: Constructing tr8n\rules\DateRule...
2013-07-10 19:49:49: Constructing tr8n\rules\DateRule...
2013-07-10 19:49:49: Constructing tr8n\rules\DateRule...
2013-07-10 19:49:49: Constructing tr8n\rules\GenderListRule...
2013-07-10 19:49:49: Constructing tr8n\rules\GenderRule...
2013-07-10 19:49:49: Constructing tr8n\rules\GenderRule...
2013-07-10 19:49:49: Constructing tr8n\rules\GenderRule...
2013-07-10 19:49:49: Constructing Tr8n\Rules\NumericRule...
2013-07-10 19:49:49: Constructing Tr8n\Rules\NumericRule...
2013-07-10 19:49:49: Constructing Tr8n\Rules\NumericRule...
2013-07-10 19:49:49: Constructing tr8n\rules\ValueRule...
2013-07-10 19:50:24: Constructing tr8n\Language...
2013-07-10 19:50:24: Constructing tr8n\rules\DateRule...
2013-07-10 19:50:24: Constructing tr8n\rules\DateRule...
2013-07-10 19:50:24: Constructing tr8n\rules\DateRule...
2013-07-10 19:50:24: Constructing tr8n\rules\GenderListRule...
2013-07-10 19:50:24: Constructing tr8n\rules\GenderRule...
2013-07-10 19:50:24: Constructing tr8n\rules\GenderRule...
2013-07-10 19:50:24: Constructing tr8n\rules\GenderRule...
2013-07-10 19:50:24: Constructing Tr8n\Rules\NumericRule...
2013-07-10 19:50:24: Constructing Tr8n\Rules\NumericRule...
2013-07-10 19:50:24: Constructing Tr8n\Rules\NumericRule...
2013-07-10 19:50:24: Constructing tr8n\rules\ValueRule...
2013-07-10 19:51:10: Constructing tr8n\Language...
2013-07-10 19:51:10: Constructing tr8n\rules\DateRule...
2013-07-10 19:51:10: Constructing tr8n\rules\DateRule...
2013-07-10 19:51:10: Constructing tr8n\rules\DateRule...
2013-07-10 19:51:10: Constructing tr8n\rules\GenderListRule...
2013-07-10 19:51:10: Constructing tr8n\rules\GenderRule...
2013-07-10 19:51:10: Constructing tr8n\rules\GenderRule...
2013-07-10 19:51:10: Constructing tr8n\rules\GenderRule...
2013-07-10 19:51:10: Constructing Tr8n\Rules\NumericRule...
2013-07-10 19:51:10: Constructing Tr8n\Rules\NumericRule...
2013-07-10 19:51:10: Constructing Tr8n\Rules\NumericRule...
2013-07-10 19:51:10: Constructing tr8n\rules\ValueRule...
2013-07-10 19:51:16: Constructing tr8n\Language...
2013-07-10 19:51:16: Constructing tr8n\rules\DateRule...
2013-07-10 19:51:16: Constructing tr8n\rules\DateRule...
2013-07-10 19:51:16: Constructing tr8n\rules\DateRule...
2013-07-10 19:51:16: Constructing tr8n\rules\GenderListRule...
2013-07-10 19:51:16: Constructing tr8n\rules\GenderRule...
2013-07-10 19:51:16: Constructing tr8n\rules\GenderRule...
2013-07-10 19:51:16: Constructing tr8n\rules\GenderRule...
2013-07-10 19:51:16: Constructing Tr8n\Rules\NumericRule...
2013-07-10 19:51:16: Constructing Tr8n\Rules\NumericRule...
2013-07-10 19:51:16: Constructing Tr8n\Rules\NumericRule...
2013-07-10 19:51:16: Constructing tr8n\rules\ValueRule...
2013-07-10 19:52:34: Constructing tr8n\Language...
2013-07-10 19:52:34: Constructing tr8n\rules\DateRule...
2013-07-10 19:52:34: Constructing tr8n\rules\DateRule...
2013-07-10 19:52:34: Constructing tr8n\rules\DateRule...
2013-07-10 19:52:34: Constructing tr8n\rules\GenderListRule...
2013-07-10 19:52:34: Constructing tr8n\rules\GenderRule...
2013-07-10 19:52:34: Constructing tr8n\rules\GenderRule...
2013-07-10 19:52:34: Constructing tr8n\rules\GenderRule...
2013-07-10 19:52:34: Constructing Tr8n\Rules\NumericRule...
2013-07-10 19:52:34: Constructing Tr8n\Rules\NumericRule...
2013-07-10 19:52:34: Constructing Tr8n\Rules\NumericRule...
2013-07-10 19:52:34: Constructing tr8n\rules\ValueRule...
2013-07-10 19:52:42: Constructing tr8n\Language...
2013-07-10 19:52:42: Constructing tr8n\rules\DateRule...
2013-07-10 19:52:42: Constructing tr8n\rules\DateRule...
2013-07-10 19:52:42: Constructing tr8n\rules\DateRule...
2013-07-10 19:52:42: Constructing tr8n\rules\GenderListRule...
2013-07-10 19:52:42: Constructing tr8n\rules\GenderRule...
2013-07-10 19:52:42: Constructing tr8n\rules\GenderRule...
2013-07-10 19:52:42: Constructing tr8n\rules\GenderRule...
2013-07-10 19:52:42: Constructing Tr8n\Rules\NumericRule...
2013-07-10 19:52:42: Constructing Tr8n\Rules\NumericRule...
2013-07-10 19:52:42: Constructing Tr8n\Rules\NumericRule...
2013-07-10 19:52:42: Constructing tr8n\rules\ValueRule...
2013-07-10 19:52:45: Constructing tr8n\Language...
2013-07-10 19:52:45: Constructing tr8n\rules\DateRule...
2013-07-10 19:52:45: Constructing tr8n\rules\DateRule...
2013-07-10 19:52:45: Constructing tr8n\rules\DateRule...
2013-07-10 19:52:45: Constructing tr8n\rules\GenderListRule...
2013-07-10 19:52:45: Constructing tr8n\rules\GenderRule...
2013-07-10 19:52:45: Constructing tr8n\rules\GenderRule...
2013-07-10 19:52:45: Constructing tr8n\rules\GenderRule...
2013-07-10 19:52:45: Constructing Tr8n\Rules\NumericRule...
2013-07-10 19:52:45: Constructing Tr8n\Rules\NumericRule...
2013-07-10 19:52:45: Constructing Tr8n\Rules\NumericRule...
2013-07-10 19:52:45: Constructing tr8n\rules\ValueRule...
2013-07-10 19:53:14: Constructing tr8n\Language...
2013-07-10 19:53:14: Constructing tr8n\rules\DateRule...
2013-07-10 19:53:14: Constructing tr8n\rules\DateRule...
2013-07-10 19:53:14: Constructing tr8n\rules\DateRule...
2013-07-10 19:53:14: Constructing tr8n\rules\GenderListRule...
2013-07-10 19:53:14: Constructing tr8n\rules\GenderRule...
2013-07-10 19:53:14: Constructing tr8n\rules\GenderRule...
2013-07-10 19:53:14: Constructing tr8n\rules\GenderRule...
2013-07-10 19:53:14: Constructing Tr8n\Rules\NumericRule...
2013-07-10 19:53:14: Constructing Tr8n\Rules\NumericRule...
2013-07-10 19:53:14: Constructing Tr8n\Rules\NumericRule...
2013-07-10 19:53:14: Constructing tr8n\rules\ValueRule...
2013-07-10 19:53:41: Constructing tr8n\Language...
2013-07-10 19:53:41: Constructing tr8n\rules\DateRule...
2013-07-10 19:53:41: Constructing tr8n\rules\DateRule...
2013-07-10 19:53:41: Constructing tr8n\rules\DateRule...
2013-07-10 19:53:41: Constructing tr8n\rules\GenderListRule...
2013-07-10 19:53:41: Constructing tr8n\rules\GenderRule...
2013-07-10 19:53:41: Constructing tr8n\rules\GenderRule...
2013-07-10 19:53:41: Constructing tr8n\rules\GenderRule...
2013-07-10 19:53:41: Constructing Tr8n\Rules\NumericRule...
2013-07-10 19:53:41: Constructing Tr8n\Rules\NumericRule...
2013-07-10 19:53:41: Constructing Tr8n\Rules\NumericRule...
2013-07-10 19:53:41: Constructing tr8n\rules\ValueRule...
